# JRE version: OpenJDK Runtime Environment (8.0_162-b12) (build 1.8.0_162-b12)
# Java VM: OpenJDK 64-Bit Server VM (25.162-b12 mixed mode linux-amd64 compressed oops)
Heap:
 PSYoungGen      total 74752K, used 10721K [0x000000076d100000, 0x0000000772400000, 0x00000007c0000000)
  eden space 64512K, 16% used [0x000000076d100000,0x000000076db78640,0x0000000771000000)
  from space 10240K, 0% used [0x0000000771000000,0x0000000771000000,0x0000000771a00000)
  to   space 10240K, 0% used [0x0000000771a00000,0x0000000771a00000,0x0000000772400000)
 ParOldGen       total 70656K, used 5820K [0x00000006c7200000, 0x00000006cb700000, 0x000000076d100000)
  object space 70656K, 8% used [0x00000006c7200000,0x00000006c77af348,0x00000006cb700000)
 Metaspace       used 22739K, capacity 22986K, committed 23424K, reserved 1071104K
  class space    used 2606K, capacity 2676K, committed 2688K, reserved 1048576K
GC Heap History (4 events):
Event: 30.407 GC heap before
{Heap before GC invocations=1 (full 0):
 PSYoungGen      total 74752K, used 41306K [0x000000076d100000, 0x0000000772400000, 0x00000007c0000000)
  eden space 64512K, 64% used [0x000000076d100000,0x000000076f956b60,0x0000000771000000)
  from space 10240K, 0% used [0x0000000771a00000,0x0000000771a00000,0x0000000772400000)
  to   space 10240K, 0% used [0x0000000771000000,0x0000000771000000,0x0000000771a00000)
 ParOldGen       total 171008K, used 0K [0x00000006c7200000, 0x00000006d1900000, 0x000000076d100000)
  object space 171008K, 0% used [0x00000006c7200000,0x00000006c7200000,0x00000006d1900000)
 Metaspace       used 20718K, capacity 20932K, committed 21248K, reserved 1069056K
  class space    used 2385K, capacity 2483K, committed 2560K, reserved 1048576K
Event: 30.415 GC heap after
Heap after GC invocations=1 (full 0):
 PSYoungGen      total 74752K, used 6083K [0x000000076d100000, 0x0000000772400000, 0x00000007c0000000)
  eden space 64512K, 0% used [0x000000076d100000,0x000000076d100000,0x0000000771000000)
  from space 10240K, 59% used [0x0000000771000000,0x00000007715f0f80,0x0000000771a00000)
  to   space 10240K, 0% used [0x0000000771a00000,0x0000000771a00000,0x0000000772400000)
 ParOldGen       total 171008K, used 24K [0x00000006c7200000, 0x00000006d1900000, 0x000000076d100000)
  object space 171008K, 0% used [0x00000006c7200000,0x00000006c7206000,0x00000006d1900000)
 Metaspace       used 20718K, capacity 20932K, committed 21248K, reserved 1069056K
  class space    used 2385K, capacity 2483K, committed 2560K, reserved 1048576K
}
Event: 30.415 GC heap before
{Heap before GC invocations=2 (full 1):
 PSYoungGen      total 74752K, used 6083K [0x000000076d100000, 0x0000000772400000, 0x00000007c0000000)
  eden space 64512K, 0% used [0x000000076d100000,0x000000076d100000,0x0000000771000000)
  from space 10240K, 59% used [0x0000000771000000,0x00000007715f0f80,0x0000000771a00000)
  to   space 10240K, 0% used [0x0000000771a00000,0x0000000771a00000,0x0000000772400000)
 ParOldGen       total 171008K, used 24K [0x00000006c7200000, 0x00000006d1900000, 0x000000076d100000)
  object space 171008K, 0% used [0x00000006c7200000,0x00000006c7206000,0x00000006d1900000)
 Metaspace       used 20718K, capacity 20932K, committed 21248K, reserved 1069056K
  class space    used 2385K, capacity 2483K, committed 2560K, reserved 1048576K
Event: 30.432 GC heap after
Heap after GC invocations=2 (full 1):
 PSYoungGen      total 74752K, used 0K [0x000000076d100000, 0x0000000772400000, 0x00000007c0000000)
  eden space 64512K, 0% used [0x000000076d100000,0x000000076d100000,0x0000000771000000)
  from space 10240K, 0% used [0x0000000771000000,0x0000000771000000,0x0000000771a00000)
  to   space 10240K, 0% used [0x0000000771a00000,0x0000000771a00000,0x0000000772400000)
 ParOldGen       total 70656K, used 5820K [0x00000006c7200000, 0x00000006cb700000, 0x000000076d100000)
  object space 70656K, 8% used [0x00000006c7200000,0x00000006c77af348,0x00000006cb700000)
 Metaspace       used 20718K, capacity 20932K, committed 21248K, reserved 1069056K
  class space    used 2385K, capacity 2483K, committed 2560K, reserved 1048576K
}

