# JRE version: OpenJDK Runtime Environment (8.0_162-b12) (build 1.8.0_162-b12)
# Java VM: OpenJDK 64-Bit Server VM (25.162-b12 mixed mode linux-amd64 compressed oops)
Heap:
 PSYoungGen      total 74752K, used 7741K [0x000000076d100000, 0x0000000772400000, 0x00000007c0000000)
  eden space 64512K, 12% used [0x000000076d100000,0x000000076d88f7c8,0x0000000771000000)
  from space 10240K, 0% used [0x0000000771000000,0x0000000771000000,0x0000000771a00000)
  to   space 10240K, 0% used [0x0000000771a00000,0x0000000771a00000,0x0000000772400000)
 ParOldGen       total 70144K, used 5568K [0x00000006c7200000, 0x00000006cb680000, 0x000000076d100000)
  object space 70144K, 7% used [0x00000006c7200000,0x00000006c77702a8,0x00000006cb680000)
 Metaspace       used 21129K, capacity 21362K, committed 21760K, reserved 1069056K
  class space    used 2470K, capacity 2544K, committed 2560K, reserved 1048576K
GC Heap History (4 events):
Event: 3.735 GC heap before
{Heap before GC invocations=1 (full 0):
 PSYoungGen      total 74752K, used 30967K [0x000000076d100000, 0x0000000772400000, 0x00000007c0000000)
  eden space 64512K, 48% used [0x000000076d100000,0x000000076ef3dff8,0x0000000771000000)
  from space 10240K, 0% used [0x0000000771a00000,0x0000000771a00000,0x0000000772400000)
  to   space 10240K, 0% used [0x0000000771000000,0x0000000771000000,0x0000000771a00000)
 ParOldGen       total 171008K, used 0K [0x00000006c7200000, 0x00000006d1900000, 0x000000076d100000)
  object space 171008K, 0% used [0x00000006c7200000,0x00000006c7200000,0x00000006d1900000)
 Metaspace       used 20777K, capacity 21010K, committed 21248K, reserved 1069056K
  class space    used 2424K, capacity 2512K, committed 2560K, reserved 1048576K
Event: 3.743 GC heap after
Heap after GC invocations=1 (full 0):
 PSYoungGen      total 74752K, used 5801K [0x000000076d100000, 0x0000000772400000, 0x00000007c0000000)
  eden space 64512K, 0% used [0x000000076d100000,0x000000076d100000,0x0000000771000000)
  from space 10240K, 56% used [0x0000000771000000,0x00000007715aa588,0x0000000771a00000)
  to   space 10240K, 0% used [0x0000000771a00000,0x0000000771a00000,0x0000000772400000)
 ParOldGen       total 171008K, used 24K [0x00000006c7200000, 0x00000006d1900000, 0x000000076d100000)
  object space 171008K, 0% used [0x00000006c7200000,0x00000006c7206000,0x00000006d1900000)
 Metaspace       used 20777K, capacity 21010K, committed 21248K, reserved 1069056K
  class space    used 2424K, capacity 2512K, committed 2560K, reserved 1048576K
}
Event: 3.743 GC heap before
{Heap before GC invocations=2 (full 1):
 PSYoungGen      total 74752K, used 5801K [0x000000076d100000, 0x0000000772400000, 0x00000007c0000000)
  eden space 64512K, 0% used [0x000000076d100000,0x000000076d100000,0x0000000771000000)
  from space 10240K, 56% used [0x0000000771000000,0x00000007715aa588,0x0000000771a00000)
  to   space 10240K, 0% used [0x0000000771a00000,0x0000000771a00000,0x0000000772400000)
 ParOldGen       total 171008K, used 24K [0x00000006c7200000, 0x00000006d1900000, 0x000000076d100000)
  object space 171008K, 0% used [0x00000006c7200000,0x00000006c7206000,0x00000006d1900000)
 Metaspace       used 20777K, capacity 21010K, committed 21248K, reserved 1069056K
  class space    used 2424K, capacity 2512K, committed 2560K, reserved 1048576K
Event: 3.758 GC heap after
Heap after GC invocations=2 (full 1):
 PSYoungGen      total 74752K, used 0K [0x000000076d100000, 0x0000000772400000, 0x00000007c0000000)
  eden space 64512K, 0% used [0x000000076d100000,0x000000076d100000,0x0000000771000000)
  from space 10240K, 0% used [0x0000000771000000,0x0000000771000000,0x0000000771a00000)
  to   space 10240K, 0% used [0x0000000771a00000,0x0000000771a00000,0x0000000772400000)
 ParOldGen       total 70144K, used 5568K [0x00000006c7200000, 0x00000006cb680000, 0x000000076d100000)
  object space 70144K, 7% used [0x00000006c7200000,0x00000006c77702a8,0x00000006cb680000)
 Metaspace       used 20777K, capacity 21010K, committed 21248K, reserved 1069056K
  class space    used 2424K, capacity 2512K, committed 2560K, reserved 1048576K
}

